This is pdfTeX, Version 3.141592653-2.6-1.40.29 (MiKTeX 26.5) (preloaded format=pdflatex 2026.6.14)  14 JUN 2026 22:00
entering extended mode
 \write18 enabled.
 file:line:error style messages enabled.
 %&-line parsing enabled.
**"c:/Users/Ernesto/Desktop/IngenierĂ­a ElectrĂłnica/9- Noveno Semestre/ElectrĂłnica Industrial/1- Trabajo Final Integrador (TFI)/Archivos del Informe/main.tex"
(c:/Users/Ernesto/Desktop/IngenierĂ­a ElectrĂłnica/9- Noveno Semestre/ElectrĂłnica Industrial/1- Trabajo Final Integrador (TFI)/Archivos del Informe/main.tex
LaTeX2e <2026-06-01>
L3 programming layer <2026-05-26>
(C:\Users\Ernesto\AppData\Local\Programs\MiKTeX\tex/latex/base\article.cls
Document Class: article 2025/01/22 v1.4n Standard LaTeX document class
(C:\Users\Ernesto\AppData\Local\Programs\MiKTeX\tex/latex/base\size12.clo
File: size12.clo 2025/01/22 v1.4n Standard LaTeX file (size option)
)
\c@part=\count276
\c@section=\count277
\c@subsection=\count278
\c@subsubsection=\count279
\c@paragraph=\count280
\c@subparagraph=\count281
\c@figure=\count282
\c@table=\count283
\abovecaptionskip=\skip49
\belowcaptionskip=\skip50
\bibindent=\dimen150
) (C:\Users\Ernesto\AppData\Local\Programs\MiKTeX\tex/latex/base\inputenc.sty
Package: inputenc 2024/02/08 v1.3d Input encoding file
\inpenc@prehook=\toks17
\inpenc@posthook=\toks18
) (C:\Users\Ernesto\AppData\Local\Programs\MiKTeX\tex/latex/base\fontenc.sty
Package: fontenc 2025/07/18 v2.1d Standard LaTeX package
) (C:\Users\Ernesto\AppData\Local\Programs\MiKTeX\tex/latex/lm\lmodern.sty
Package: lmodern 2015/05/01 v1.6.1 Latin Modern Fonts
LaTeX Font Info:    Overwriting symbol font `operators' in version `normal'
(Font)                  OT1/cmr/m/n --> OT1/lmr/m/n on input line 22.
LaTeX Font Info:    Overwriting symbol font `letters' in version `normal'
(Font)                  OML/cmm/m/it --> OML/lmm/m/it on input line 23.
LaTeX Font Info:    Overwriting symbol font `symbols' in version `normal'
(Font)                  OMS/cmsy/m/n --> OMS/lmsy/m/n on input line 24.
LaTeX Font Info:    Overwriting symbol font `largesymbols' in version `normal'
(Font)                  OMX/cmex/m/n --> OMX/lmex/m/n on input line 25.
LaTeX Font Info:    Overwriting symbol font `operators' in version `bold'
(Font)                  OT1/cmr/bx/n --> OT1/lmr/bx/n on input line 26.
LaTeX Font Info:    Overwriting symbol font `letters' in version `bold'
(Font)                  OML/cmm/b/it --> OML/lmm/b/it on input line 27.
LaTeX Font Info:    Overwriting symbol font `symbols' in version `bold'
(Font)                  OMS/cmsy/b/n --> OMS/lmsy/b/n on input line 28.
LaTeX Font Info:    Overwriting symbol font `largesymbols' in version `bold'
(Font)                  OMX/cmex/m/n --> OMX/lmex/m/n on input line 29.
LaTeX Font Info:    Overwriting math alphabet `\mathbf' in version `normal'
(Font)                  OT1/cmr/bx/n --> OT1/lmr/bx/n on input line 31.
LaTeX Font Info:    Overwriting math alphabet `\mathsf' in version `normal'
(Font)                  OT1/cmss/m/n --> OT1/lmss/m/n on input line 32.
LaTeX Font Info:    Overwriting math alphabet `\mathit' in version `normal'
(Font)                  OT1/cmr/m/it --> OT1/lmr/m/it on input line 33.
LaTeX Font Info:    Overwriting math alphabet `\mathtt' in version `normal'
(Font)                  OT1/cmtt/m/n --> OT1/lmtt/m/n on input line 34.
LaTeX Font Info:    Overwriting math alphabet `\mathbf' in version `bold'
(Font)                  OT1/cmr/bx/n --> OT1/lmr/bx/n on input line 35.
LaTeX Font Info:    Overwriting math alphabet `\mathsf' in version `bold'
(Font)                  OT1/cmss/bx/n --> OT1/lmss/bx/n on input line 36.
LaTeX Font Info:    Overwriting math alphabet `\mathit' in version `bold'
(Font)                  OT1/cmr/bx/it --> OT1/lmr/bx/it on input line 37.
LaTeX Font Info:    Overwriting math alphabet `\mathtt' in version `bold'
(Font)                  OT1/cmtt/m/n --> OT1/lmtt/m/n on input line 38.
) (C:\Users\Ernesto\AppData\Local\Programs\MiKTeX\tex/generic/babel\babel.sty
Package: babel 2026/05/20 v26.8 The multilingual framework for LuaLaTeX, pdfLaTeX and XeLaTeX
\babel@savecnt=\count284
LaTeX Encoding Info:    Redeclaring text command \ij (encoding OT1) on input line 2084.
LaTeX Encoding Info:    Redeclaring text command \IJ (encoding OT1) on input line 2086.
LaTeX Encoding Info:    Redeclaring text command \ij (encoding T1) on input line 2088.
LaTeX Encoding Info:    Redeclaring text command \IJ (encoding T1) on input line 2089.
LaTeX Encoding Info:    Ignoring declaration for text command \ij (encoding ?) on input line 2090.
LaTeX Encoding Info:    Ignoring declaration for text command \IJ (encoding ?) on input line 2092.
LaTeX Encoding Info:    Ignoring declaration for text command \SS (encoding ?) on input line 2117.
\U@D=\dimen151
\l@unhyphenated=\language79
 (C:\Users\Ernesto\AppData\Local\Programs\MiKTeX\tex/generic/babel\txtbabel.def)
\bbl@readstream=\read2
\bbl@dirlevel=\count285
Package babel Info: Configuration files are deprecated, as
(babel)             they can break document portability.
(babel)             Reported on input line 4228.

*************************************
* Local config file bblopts.cfg used
*
(C:\Users\Ernesto\AppData\Local\Programs\MiKTeX\tex/latex/arabi\bblopts.cfg
File: bblopts.cfg 2005/09/08 v0.1 add Arabic and Farsi to "declared" options of babel
) (C:\Users\Ernesto\AppData\Local\Programs\MiKTeX\tex/generic/babel/locale/es\babel-spanish.tex)
Package babel Info: Importing font and identification data for spanish
(babel)             from babel-es.ini. Reported on input line 4356.
 (C:\Users\Ernesto\AppData\Local\Programs\MiKTeX\tex/latex/babel-spanish\spanish.ldf
Language: spanish.ldf 2021/05/27 v5.0q Spanish support from the babel system
\es@quottoks=\toks19
\es@quotdepth=\count286
Package babel Info: Making " an active character on input line 570.
Package babel Info: Making . an active character on input line 675.
Package babel Info: Making < an active character on input line 722.
Package babel Info: Making > an active character on input line 722.
))
LaTeX Encoding Info:    Redeclaring text command \guillemotleft (encoding OT1) on input line 8.
LaTeX Encoding Info:    Redeclaring text command \guillemotright (encoding OT1) on input line 8.
 (C:\Users\Ernesto\AppData\Local\Programs\MiKTeX\tex/latex/amsmath\amsmath.sty
Package: amsmath 2026/05/19 v2.18d AMS math features
\@mathmargin=\skip51

For additional information on amsmath, use the `?' option.
(C:\Users\Ernesto\AppData\Local\Programs\MiKTeX\tex/latex/amsmath\amstext.sty
Package: amstext 2024/11/17 v2.01 AMS text
 (C:\Users\Ernesto\AppData\Local\Programs\MiKTeX\tex/latex/amsmath\amsgen.sty
File: amsgen.sty 1999/11/30 v2.0 generic functions
\@emptytoks=\toks20
\ex@=\dimen152
)) (C:\Users\Ernesto\AppData\Local\Programs\MiKTeX\tex/latex/amsmath\amsbsy.sty
Package: amsbsy 1999/11/29 v1.2d Bold Symbols
\pmbraise@=\dimen153
) (C:\Users\Ernesto\AppData\Local\Programs\MiKTeX\tex/latex/amsmath\amsopn.sty
Package: amsopn 2022/04/08 v2.04 operator names
)
\inf@bad=\count287
LaTeX Info: Redefining \frac on input line 233.
\uproot@=\count288
\leftroot@=\count289
LaTeX Info: Redefining \overline on input line 398.
LaTeX Info: Redefining \colon on input line 409.
\classnum@=\count290
\DOTSCASE@=\count291
LaTeX Info: Redefining \ldots on input line 495.
LaTeX Info: Redefining \dots on input line 498.
LaTeX Info: Redefining \cdots on input line 619.
\Mathstrutbox@=\box53
\strutbox@=\box54
LaTeX Info: Redefining \big on input line 721.
LaTeX Info: Redefining \Big on input line 722.
LaTeX Info: Redefining \bigg on input line 723.
LaTeX Info: Redefining \Bigg on input line 724.
\big@size=\dimen154
LaTeX Font Info:    Redeclaring font encoding OML on input line 742.
LaTeX Font Info:    Redeclaring font encoding OMS on input line 743.
\macc@depth=\count292
LaTeX Info: Redefining \bmod on input line 904.
LaTeX Info: Redefining \pmod on input line 909.
LaTeX Info: Redefining \smash on input line 939.
LaTeX Info: Redefining \relbar on input line 969.
LaTeX Info: Redefining \Relbar on input line 970.
\c@MaxMatrixCols=\count293
\dotsspace@=\muskip17
\c@parentequation=\count294
\dspbrk@lvl=\count295
\tag@help=\toks21
\row@=\count296
\column@=\count297
\maxfields@=\count298
\andhelp@=\toks22
\eqnshift@=\dimen155
\alignsep@=\dimen156
\tagshift@=\dimen157
\tagwidth@=\dimen158
\totwidth@=\dimen159
\lineht@=\dimen160
\@envbody=\toks23
\multlinegap=\skip52
\multlinetaggap=\skip53
\mathdisplay@stack=\toks24
LaTeX Info: Redefining \[ on input line 2965.
LaTeX Info: Redefining \] on input line 2966.
) (C:\Users\Ernesto\AppData\Local\Programs\MiKTeX\tex/latex/amsfonts\amssymb.sty
Package: amssymb 2013/01/14 v3.01 AMS font symbols
 (C:\Users\Ernesto\AppData\Local\Programs\MiKTeX\tex/latex/amsfonts\amsfonts.sty
Package: amsfonts 2013/01/14 v3.01 Basic AMSFonts support
\symAMSa=\mathgroup4
\symAMSb=\mathgroup5
LaTeX Font Info:    Redeclaring math symbol \hbar on input line 98.
LaTeX Font Info:    Overwriting math alphabet `\mathfrak' in version `bold'
(Font)                  U/euf/m/n --> U/euf/b/n on input line 106.
)) (C:\Users\Ernesto\AppData\Local\Programs\MiKTeX\tex/latex/siunitx\siunitx.sty
Package: siunitx 2026-05-15 v3.5.5 A comprehensive (SI) units package
\l__siunitx_number_uncert_offset_int=\count299
\l__siunitx_number_exponent_fixed_int=\count300
\l__siunitx_number_min_decimal_int=\count301
\l__siunitx_number_min_integer_int=\count302
\l__siunitx_number_round_precision_int=\count303
\l__siunitx_number_lower_threshold_int=\count304
\l__siunitx_number_upper_threshold_int=\count305
\l__siunitx_number_group_first_int=\count306
\l__siunitx_number_group_size_int=\count307
\l__siunitx_number_group_min_int=\count308
\l__siunitx_number_group_minimum_int=\count309
\l__siunitx_compound_count_int=\count310
 (C:\Users\Ernesto\AppData\Local\Programs\MiKTeX\tex/latex/translations\translations.sty
Package: translations 2022/02/05 v1.12 internationalization of LaTeX2e packages (CN)
 (C:\Users\Ernesto\AppData\Local\Programs\MiKTeX\tex/latex/etoolbox\etoolbox.sty
Package: etoolbox 2025/10/02 v2.5m e-TeX tools for LaTeX (JAW)
\etb@tempcnta=\count311
) (C:\Users\Ernesto\AppData\Local\Programs\MiKTeX\tex/generic/pdftexcmds\pdftexcmds.sty
Package: pdftexcmds 2020-06-27 v0.33 Utility functions of pdfTeX for LuaTeX (HO)
 (C:\Users\Ernesto\AppData\Local\Programs\MiKTeX\tex/generic/infwarerr\infwarerr.sty
Package: infwarerr 2019/12/03 v1.5 Providing info/warning/error messages (HO)
) (C:\Users\Ernesto\AppData\Local\Programs\MiKTeX\tex/generic/iftex\iftex.sty
Package: iftex 2024/12/12 v1.0g TeX engine tests
) (C:\Users\Ernesto\AppData\Local\Programs\MiKTeX\tex/generic/ltxcmds\ltxcmds.sty
Package: ltxcmds 2023-12-04 v1.26 LaTeX kernel commands for general use (HO)
)
Package pdftexcmds Info: \pdf@primitive is available.
Package pdftexcmds Info: \pdf@ifprimitive is available.
Package pdftexcmds Info: \pdfdraftmode found.
))
\l__siunitx_table_tmp_box=\box55
\l__siunitx_table_tmp_dim=\dimen161
\l__siunitx_table_column_width_dim=\dimen162
\l__siunitx_table_integer_box=\box56
\l__siunitx_table_decimal_box=\box57
\l__siunitx_table_uncert_box=\box58
\l__siunitx_table_before_box=\box59
\l__siunitx_table_after_box=\box60
\l__siunitx_table_before_dim=\dimen163
\l__siunitx_table_carry_dim=\dimen164
\l__siunitx_unit_tmp_int=\count312
\l__siunitx_unit_position_int=\count313
\l__siunitx_unit_total_int=\count314
\l__siunitx_sexagesimal_tmp_dim=\dimen165
\l__siunitx_sexagesimal_marker_box=\box61
\l__siunitx_sexagesimal_unit_box=\box62
 (C:\Users\Ernesto\AppData\Local\Programs\MiKTeX\tex/latex/tools\array.sty
Package: array 2026/02/24 v2.7b Tabular extension package (FMi)
\col@sep=\dimen166
\ar@mcellbox=\box63
\extrarowheight=\dimen167
\NC@list=\toks25
\extratabsurround=\skip54
\backup@length=\skip55
\ar@cellbox=\box64
)) (C:\Users\Ernesto\AppData\Local\Programs\MiKTeX\tex/latex/graphics\graphicx.sty
Package: graphicx 2026-05-17 v1.2e Enhanced LaTeX Graphics (DPC,SPQR)
 (C:\Users\Ernesto\AppData\Local\Programs\MiKTeX\tex/latex/graphics\keyval.sty
Package: keyval 2026-05-17 v1.15 key=value parser (DPC)
\KV@toks@=\toks26
) (C:\Users\Ernesto\AppData\Local\Programs\MiKTeX\tex/latex/graphics\graphics.sty
Package: graphics 2026-05-17 v1.4h Standard LaTeX Graphics (DPC,SPQR)
 (C:\Users\Ernesto\AppData\Local\Programs\MiKTeX\tex/latex/graphics\trig.sty
Package: trig 2023/12/02 v1.11 sin cos tan (DPC)
) (C:\Users\Ernesto\AppData\Local\Programs\MiKTeX\tex/latex/graphics-cfg\graphics.cfg
File: graphics.cfg 2016/06/04 v1.11 sample graphics configuration
)
Package graphics Info: Driver file: pdftex.def on input line 106.
 (C:\Users\Ernesto\AppData\Local\Programs\MiKTeX\tex/latex/graphics-def\pdftex.def
File: pdftex.def 2025/09/29 v1.2d Graphics/color driver for pdftex
))
\Gin@req@height=\dimen168
\Gin@req@width=\dimen169
) (C:\Users\Ernesto\AppData\Local\Programs\MiKTeX\tex/latex/float\float.sty
Package: float 2001/11/08 v1.3d Float enhancements (AL)
\c@float@type=\count315
\float@exts=\toks27
\float@box=\box65
\@float@everytoks=\toks28
\@floatcapt=\box66
) (C:\Users\Ernesto\AppData\Local\Programs\MiKTeX\tex/latex/geometry\geometry.sty
Package: geometry 2026/03/07 v6.0 Page Geometry
 (C:\Users\Ernesto\AppData\Local\Programs\MiKTeX\tex/generic/iftex\ifvtex.sty
Package: ifvtex 2019/10/25 v1.7 ifvtex legacy package. Use iftex instead.
)
\Gm@cnth=\count316
\Gm@cntv=\count317
\c@Gm@tempcnt=\count318
\Gm@bindingoffset=\dimen170
\Gm@wd@mp=\dimen171
\Gm@odd@mp=\dimen172
\Gm@even@mp=\dimen173
\Gm@layoutwidth=\dimen174
\Gm@layoutheight=\dimen175
\Gm@layouthoffset=\dimen176
\Gm@layoutvoffset=\dimen177
\Gm@dimlist=\toks29
 (C:\Users\Ernesto\AppData\Local\Programs\MiKTeX\tex/latex/geometry\geometry.cfg)) (C:\Users\Ernesto\AppData\Local\Programs\MiKTeX\tex/latex/xcolor\xcolor.sty
Package: xcolor 2024/09/29 v3.02 LaTeX color extensions (UK)
 (C:\Users\Ernesto\AppData\Local\Programs\MiKTeX\tex/latex/graphics-cfg\color.cfg
File: color.cfg 2016/01/02 v1.6 sample color configuration
)
Package xcolor Info: Driver file: pdftex.def on input line 274.
 (C:\Users\Ernesto\AppData\Local\Programs\MiKTeX\tex/latex/graphics\mathcolor.ltx)
Package xcolor Info: Model `cmy' substituted by `cmy0' on input line 1349.
Package xcolor Info: Model `hsb' substituted by `rgb' on input line 1353.
Package xcolor Info: Model `RGB' extended on input line 1365.
Package xcolor Info: Model `HTML' substituted by `rgb' on input line 1367.
Package xcolor Info: Model `Hsb' substituted by `hsb' on input line 1368.
Package xcolor Info: Model `tHsb' substituted by `hsb' on input line 1369.
Package xcolor Info: Model `HSB' substituted by `hsb' on input line 1370.
Package xcolor Info: Model `Gray' substituted by `gray' on input line 1371.
Package xcolor Info: Model `wave' substituted by `hsb' on input line 1372.
) (C:\Users\Ernesto\AppData\Local\Programs\MiKTeX\tex/latex/hyperref\hyperref.sty
Package: hyperref 2026-04-24 v7.01q Hypertext links for LaTeX
 (C:\Users\Ernesto\AppData\Local\Programs\MiKTeX\tex/latex/kvsetkeys\kvsetkeys.sty
Package: kvsetkeys 2022-10-05 v1.19 Key value parser (HO)
) (C:\Users\Ernesto\AppData\Local\Programs\MiKTeX\tex/generic/kvdefinekeys\kvdefinekeys.sty
Package: kvdefinekeys 2019-12-19 v1.6 Define keys (HO)
) (C:\Users\Ernesto\AppData\Local\Programs\MiKTeX\tex/generic/pdfescape\pdfescape.sty
Package: pdfescape 2019/12/09 v1.15 Implements pdfTeX's escape features (HO)
) (C:\Users\Ernesto\AppData\Local\Programs\MiKTeX\tex/latex/hycolor\hycolor.sty
Package: hycolor 2020-01-27 v1.10 Color options for hyperref/bookmark (HO)
) (C:\Users\Ernesto\AppData\Local\Programs\MiKTeX\tex/latex/hyperref\nameref.sty
Package: nameref 2026-01-29 v2.58 Cross-referencing by name of section
 (C:\Users\Ernesto\AppData\Local\Programs\MiKTeX\tex/latex/refcount\refcount.sty
Package: refcount 2019/12/15 v3.6 Data extraction from label references (HO)
) (C:\Users\Ernesto\AppData\Local\Programs\MiKTeX\tex/generic/gettitlestring\gettitlestring.sty
Package: gettitlestring 2019/12/15 v1.6 Cleanup title references (HO)
 (C:\Users\Ernesto\AppData\Local\Programs\MiKTeX\tex/latex/kvoptions\kvoptions.sty
Package: kvoptions 2022-06-15 v3.15 Key value format for package options (HO)
))
\c@section@level=\count319
) (C:\Users\Ernesto\AppData\Local\Programs\MiKTeX\tex/generic/stringenc\stringenc.sty
Package: stringenc 2019/11/29 v1.12 Convert strings between diff. encodings (HO)
)
\@linkdim=\dimen178
\Hy@linkcounter=\count320
\Hy@pagecounter=\count321
 (C:\Users\Ernesto\AppData\Local\Programs\MiKTeX\tex/latex/hyperref\pd1enc.def
File: pd1enc.def 2026-04-24 v7.01q Hyperref: PDFDocEncoding definition (HO)
Now handling font encoding PD1 ...
... no UTF-8 mapping file for font encoding PD1
) (C:\Users\Ernesto\AppData\Local\Programs\MiKTeX\tex/generic/intcalc\intcalc.sty
Package: intcalc 2019/12/15 v1.3 Expandable calculations with integers (HO)
)
\Hy@SavedSpaceFactor=\count322
 (C:\Users\Ernesto\AppData\Local\Programs\MiKTeX\tex/latex/hyperref\puenc.def
File: puenc.def 2026-04-24 v7.01q Hyperref: PDF Unicode definition (HO)
Now handling font encoding PU ...
... no UTF-8 mapping file for font encoding PU
)
Package hyperref Info: Hyper figures OFF on input line 4199.
Package hyperref Info: Link nesting OFF on input line 4204.
Package hyperref Info: Hyper index ON on input line 4207.
Package hyperref Info: Plain pages OFF on input line 4214.
Package hyperref Info: Backreferencing OFF on input line 4219.
Package hyperref Info: Implicit mode ON; LaTeX internals redefined.
Package hyperref Info: Bookmarks ON on input line 4466.
\c@Hy@tempcnt=\count323
 (C:\Users\Ernesto\AppData\Local\Programs\MiKTeX\tex/latex/url\url.sty
\Urlmuskip=\muskip18
Package: url 2013/09/16  ver 3.4  Verb mode for urls, etc.
)
LaTeX Info: Redefining \url on input line 4805.
\XeTeXLinkMargin=\dimen179
 (C:\Users\Ernesto\AppData\Local\Programs\MiKTeX\tex/generic/bitset\bitset.sty
Package: bitset 2019/12/09 v1.3 Handle bit-vector datatype (HO)
 (C:\Users\Ernesto\AppData\Local\Programs\MiKTeX\tex/generic/bigintcalc\bigintcalc.sty
Package: bigintcalc 2019/12/15 v1.5 Expandable calculations on big integers (HO)
))
\Fld@menulength=\count324
\Field@Width=\dimen180
\Fld@charsize=\dimen181
Package hyperref Info: Hyper figures OFF on input line 6091.
Package hyperref Info: Link nesting OFF on input line 6096.
Package hyperref Info: Hyper index ON on input line 6099.
Package hyperref Info: backreferencing OFF on input line 6106.
Package hyperref Info: Link coloring OFF on input line 6111.
Package hyperref Info: Link coloring with OCG OFF on input line 6116.
Package hyperref Info: PDF/A mode OFF on input line 6121.
\Hy@abspage=\count325
\c@Item=\count326
\c@Hfootnote=\count327
)
Package hyperref Info: Driver (autodetected): hpdftex.
 (C:\Users\Ernesto\AppData\Local\Programs\MiKTeX\tex/latex/hyperref\hpdftex.def
File: hpdftex.def 2026-04-24 v7.01q Hyperref driver for pdfTeX
\Fld@listcount=\count328
\c@bookmark@seq@number=\count329
 (C:\Users\Ernesto\AppData\Local\Programs\MiKTeX\tex/latex/rerunfilecheck\rerunfilecheck.sty
Package: rerunfilecheck 2025-06-21 v1.11 Rerun checks for auxiliary files (HO)
 (C:\Users\Ernesto\AppData\Local\Programs\MiKTeX\tex/generic/uniquecounter\uniquecounter.sty
Package: uniquecounter 2019/12/15 v1.4 Provide unlimited unique counter (HO)
)
Package uniquecounter Info: New unique counter `rerunfilecheck' on input line 284.
)
\Hy@SectionHShift=\skip56
) (C:\Users\Ernesto\AppData\Local\Programs\MiKTeX\tex/latex/caption\caption.sty
Package: caption 2023/08/05 v3.6o Customizing captions (AR)
 (C:\Users\Ernesto\AppData\Local\Programs\MiKTeX\tex/latex/caption\caption3.sty
Package: caption3 2023/07/31 v2.4d caption3 kernel (AR)
\caption@tempdima=\dimen182
\captionmargin=\dimen183
\caption@leftmargin=\dimen184
\caption@rightmargin=\dimen185
\caption@width=\dimen186
\caption@indent=\dimen187
\caption@parindent=\dimen188
\caption@hangindent=\dimen189
Package caption Info: Standard document class detected.
)
\c@caption@flags=\count330
\c@continuedfloat=\count331
Package caption Info: float package is loaded.
Package caption Info: hyperref package is loaded.
) (C:\Users\Ernesto\AppData\Local\Programs\MiKTeX\tex/latex/caption\subcaption.sty
Package: subcaption 2023/07/28 v1.6b Sub-captions (AR)
Package caption Info: New subtype `subfigure' on input line 238.
\c@subfigure=\count332
Package caption Info: New subtype `subtable' on input line 238.
\c@subtable=\count333
) (C:\Users\Ernesto\AppData\Local\Programs\MiKTeX\tex/latex/setspace\setspace.sty
Package: setspace 2022/12/04 v6.7b set line spacing
) (C:\Users\Ernesto\AppData\Local\Programs\MiKTeX\tex/latex/multirow\multirow.sty
Package: multirow 2024/11/12 v2.9 Span multiple rows of a table
\multirow@colwidth=\skip57
\multirow@cntb=\count334
\multirow@dima=\skip58
\bigstrutjot=\dimen190
) (C:\Users\Ernesto\AppData\Local\Programs\MiKTeX\tex/latex/minted\minted.sty
Package: minted 2026/03/03 v3.8.0 Yet another Pygments shim for LaTeX
 (C:\Users\Ernesto\AppData\Local\Programs\MiKTeX\tex/generic/catchfile\catchfile.sty
Package: catchfile 2019/12/09 v1.8 Catch the contents of a file (HO)
 (C:\Users\Ernesto\AppData\Local\Programs\MiKTeX\tex/generic/etexcmds\etexcmds.sty
Package: etexcmds 2019/12/15 v1.7 Avoid name clashes with e-TeX commands (HO)
)) (C:\Users\Ernesto\AppData\Local\Programs\MiKTeX\tex/latex/fvextra\fvextra.sty
Package: fvextra 2026/02/25 v1.14.0 fvextra - extensions and patches for fancyvrb
 (C:\Users\Ernesto\AppData\Local\Programs\MiKTeX\tex/latex/fancyvrb\fancyvrb.sty
Package: fancyvrb 2026/04/16 4.6a verbatim text (tvz,hv)
\FV@CodeLineNo=\count335
\FV@InFile=\read3
\FV@TabBox=\box67
\c@FancyVerbLine=\count336
\FV@StepNumber=\count337
\FV@OutFile=\write3
) (C:\Users\Ernesto\AppData\Local\Programs\MiKTeX\tex/latex/upquote\upquote.sty
Package: upquote 2012/04/19 v1.3 upright-quote and grave-accent glyphs in verbatim
 (C:\Users\Ernesto\AppData\Local\Programs\MiKTeX\tex/latex/base\textcomp.sty
Package: textcomp 2024/04/24 v2.1b Standard LaTeX package
)) (C:\Users\Ernesto\AppData\Local\Programs\MiKTeX\tex/latex/lineno\lineno.sty
Package: lineno 2026/03/08 line numbers on paragraphs v5.9
\linenopenalty=\count338
\output=\toks30
\linenoprevgraf=\count339
\linenumbersep=\dimen191
\linenumberwidth=\dimen192
\c@linenumber=\count340
\c@pagewiselinenumber=\count341
\c@LN@truepage=\count342
\c@internallinenumber=\count343
\c@internallinenumbers=\count344
\quotelinenumbersep=\dimen193
\bframerule=\dimen194
\bframesep=\dimen195
\bframebox=\box68
\@LN@amsmath@ams@eqpen=\count345
)
\c@FancyVerbWriteLine=\count346
\c@FancyVerbBufferLine=\count347
\c@FV@TrueTabGroupLevel=\count348
\c@FV@TrueTabCounter=\count349
\FV@TabBox@Group=\box69
\FV@bgcolorstructbox=\box70
\FV@TmpLength=\skip59
\c@FV@HighlightLinesStart=\count350
\c@FV@HighlightLinesStop=\count351
\FV@LoopCount=\count352
\FV@NCharsBox=\box71
\FV@BreakIndent=\dimen196
\FV@BreakIndentNChars=\count353
\FV@BreakSymbolSepLeft=\dimen197
\FV@BreakSymbolSepLeftNChars=\count354
\FV@BreakSymbolSepRight=\dimen198
\FV@BreakSymbolSepRightNChars=\count355
\FV@BreakSymbolIndentLeft=\dimen199
\FV@BreakSymbolIndentLeftNChars=\count356
\FV@BreakSymbolIndentRight=\dimen256
\FV@BreakSymbolIndentRightNChars=\count357
\c@FancyVerbLineBreakLast=\count358
\FV@LineBox=\box72
\FV@LineIndentBox=\box73
\c@FV@BreakBufferDepth=\count359
\FV@LineWidth=\dimen257
) (C:\Users\Ernesto\AppData\Local\Programs\MiKTeX\tex/latex/latex2pydata\latex2pydata.sty
Package: latex2pydata 2026/02/25 v0.7.0 latex2pydata - write data to file in Python literal format
) (C:\Users\Ernesto\AppData\Local\Programs\MiKTeX\tex/latex/pgf/utilities\pgfkeys.sty (C:\Users\Ernesto\AppData\Local\Programs\MiKTeX\tex/generic/pgf/utilities\pgfkeys.code.tex
\pgfkeys@pathtoks=\toks31
\pgfkeys@temptoks=\toks32
 (C:\Users\Ernesto\AppData\Local\Programs\MiKTeX\tex/generic/pgf/utilities\pgfkeyslibraryfiltered.code.tex
\pgfkeys@tmptoks=\toks33
))) (C:\Users\Ernesto\AppData\Local\Programs\MiKTeX\tex/latex/pgfopts\pgfopts.sty
Package: pgfopts 2014/07/10 v2.1a LaTeX package options with pgfkeys
\pgfopts@list@add@a@toks=\toks34
\pgfopts@list@add@b@toks=\toks35
) (C:\Users\Ernesto\AppData\Local\Programs\MiKTeX\tex/latex/tools\shellesc.sty
Package: shellesc 2023/07/08 v1.0d unified shell escape interface for LaTeX
Package shellesc Info: Unrestricted shell escape enabled on input line 75.
)
\c@minted@FancyVerbLineTemp=\count360
\@float@every@listing=\toks36
\c@listing=\count361
) (C:\Users\Ernesto\AppData\Local\Programs\MiKTeX\tex/latex/gensymb\gensymb.sty
Package: gensymb 2022/10/17 v1.0.2 (KJH)
) (C:\Users\Ernesto\AppData\Local\Programs\MiKTeX\tex/latex/biblatex\biblatex.sty
Package: biblatex 2025/07/10 v3.21 programmable bibliographies (PK/MW)
 (C:\Users\Ernesto\AppData\Local\Programs\MiKTeX\tex/latex/logreq\logreq.sty
Package: logreq 2010/08/04 v1.0 xml request logger
\lrq@indent=\count362
 (C:\Users\Ernesto\AppData\Local\Programs\MiKTeX\tex/latex/logreq\logreq.def
File: logreq.def 2010/08/04 v1.0 logreq spec v1.0
)) (C:\Users\Ernesto\AppData\Local\Programs\MiKTeX\tex/latex/base\ifthen.sty
Package: ifthen 2024/03/16 v1.1e Standard LaTeX ifthen package (DPC)
)
\c@tabx@nest=\count363
\c@listtotal=\count364
\c@listcount=\count365
\c@liststart=\count366
\c@liststop=\count367
\c@citecount=\count368
\c@citetotal=\count369
\c@multicitecount=\count370
\c@multicitetotal=\count371
\c@instcount=\count372
\c@maxnames=\count373
\c@minnames=\count374
\c@maxitems=\count375
\c@minitems=\count376
\c@citecounter=\count377
\c@maxcitecounter=\count378
\c@savedcitecounter=\count379
\c@uniquelist=\count380
\c@uniquename=\count381
\c@refsection=\count382
\c@refsegment=\count383
\c@maxextratitle=\count384
\c@maxextratitleyear=\count385
\c@maxextraname=\count386
\c@maxextradate=\count387
\c@maxextraalpha=\count388
\c@abbrvpenalty=\count389
\c@highnamepenalty=\count390
\c@lownamepenalty=\count391
\c@maxparens=\count392
\c@parenlevel=\count393
\blx@tempcnta=\count394
\blx@tempcntb=\count395
\blx@tempcntc=\count396
\c@blx@maxsection=\count397
\blx@maxsegment@0=\count398
\blx@notetype=\count399
\blx@parenlevel@text=\count400
\blx@parenlevel@foot=\count401
\blx@sectionciteorder@0=\count402
\blx@sectionciteorderinternal@0=\count403
\blx@entrysetcounter=\count404
\blx@biblioinstance=\count405
\labelnumberwidth=\skip60
\labelalphawidth=\skip61
\biblabelsep=\skip62
\bibitemsep=\skip63
\bibnamesep=\skip64
\bibinitsep=\skip65
\bibparsep=\skip66
\bibhang=\skip67
\blx@bcfin=\read4
\blx@bcfout=\write4
\blx@langwohyphens=\language80
\c@mincomprange=\count406
\c@maxcomprange=\count407
\c@mincompwidth=\count408
Package biblatex Info: Trying to load biblatex default data model...
Package biblatex Info: ... file 'blx-dm.def' found.
 (C:\Users\Ernesto\AppData\Local\Programs\MiKTeX\tex/latex/biblatex\blx-dm.def
File: blx-dm.def 2025/07/10 v3.21 biblatex datamodel (PK/MW)
)
Package biblatex Info: Trying to load biblatex style data model...
Package biblatex Info: ... file 'ieee.dbx' not found.
Package biblatex Info: Trying to load biblatex custom data model...
Package biblatex Info: ... file 'biblatex-dm.cfg' not found.
\c@afterword=\count409
\c@savedafterword=\count410
\c@annotator=\count411
\c@savedannotator=\count412
\c@author=\count413
\c@savedauthor=\count414
\c@bookauthor=\count415
\c@savedbookauthor=\count416
\c@commentator=\count417
\c@savedcommentator=\count418
\c@editor=\count419
\c@savededitor=\count420
\c@editora=\count421
\c@savededitora=\count422
\c@editorb=\count423
\c@savededitorb=\count424
\c@editorc=\count425
\c@savededitorc=\count426
\c@foreword=\count427
\c@savedforeword=\count428
\c@holder=\count429
\c@savedholder=\count430
\c@introduction=\count431
\c@savedintroduction=\count432
\c@namea=\count433
\c@savednamea=\count434
\c@nameb=\count435
\c@savednameb=\count436
\c@namec=\count437
\c@savednamec=\count438
\c@translator=\count439
\c@savedtranslator=\count440
\c@shortauthor=\count441
\c@savedshortauthor=\count442
\c@shorteditor=\count443
\c@savedshorteditor=\count444
\c@labelname=\count445
\c@savedlabelname=\count446
\c@institution=\count447
\c@savedinstitution=\count448
\c@lista=\count449
\c@savedlista=\count450
\c@listb=\count451
\c@savedlistb=\count452
\c@listc=\count453
\c@savedlistc=\count454
\c@listd=\count455
\c@savedlistd=\count456
\c@liste=\count457
\c@savedliste=\count458
\c@listf=\count459
\c@savedlistf=\count460
\c@location=\count461
\c@savedlocation=\count462
\c@organization=\count463
\c@savedorganization=\count464
\c@origlocation=\count465
\c@savedoriglocation=\count466
\c@origpublisher=\count467
\c@savedorigpublisher=\count468
\c@publisher=\count469
\c@savedpublisher=\count470
\c@language=\count471
\c@savedlanguage=\count472
\c@origlanguage=\count473
\c@savedoriglanguage=\count474
\c@pageref=\count475
\c@savedpageref=\count476
\shorthandwidth=\skip68
\shortjournalwidth=\skip69
\shortserieswidth=\skip70
\shorttitlewidth=\skip71
\shortauthorwidth=\skip72
\shorteditorwidth=\skip73
\locallabelnumberwidth=\skip74
\locallabelalphawidth=\skip75
\localshorthandwidth=\skip76
\localshortjournalwidth=\skip77
\localshortserieswidth=\skip78
\localshorttitlewidth=\skip79
\localshortauthorwidth=\skip80
\localshorteditorwidth=\skip81
Package biblatex Info: Trying to load compatibility code...
Package biblatex Info: ... file 'blx-compat.def' found.
 (C:\Users\Ernesto\AppData\Local\Programs\MiKTeX\tex/latex/biblatex\blx-compat.def
File: blx-compat.def 2025/07/10 v3.21 biblatex compatibility (PK/MW)
)
Package biblatex Info: Trying to load generic definitions...
Package biblatex Info: ... file 'biblatex.def' found.
 (C:\Users\Ernesto\AppData\Local\Programs\MiKTeX\tex/latex/biblatex\biblatex.def
File: biblatex.def 2025/07/10 v3.21 biblatex compatibility (PK/MW)
\c@textcitecount=\count477
\c@textcitetotal=\count478
\c@textcitemaxnames=\count479
\c@biburlbigbreakpenalty=\count480
\c@biburlbreakpenalty=\count481
\c@biburlnumpenalty=\count482
\c@biburlucpenalty=\count483
\c@biburllcpenalty=\count484
\biburlbigskip=\muskip19
\biburlnumskip=\muskip20
\biburlucskip=\muskip21
\biburllcskip=\muskip22
\c@smartand=\count485
)
Package biblatex Info: Trying to load bibliography style 'ieee'...
Package biblatex Info: ... file 'ieee.bbx' found.
 (C:\Users\Ernesto\AppData\Local\Programs\MiKTeX\tex/latex/biblatex-ieee\ieee.bbx
File: ieee.bbx 2025-08-01 v1.4f biblatex bibliography style
Package biblatex Info: Trying to load bibliography style 'numeric-comp'...
Package biblatex Info: ... file 'numeric-comp.bbx' found.
 (C:\Users\Ernesto\AppData\Local\Programs\MiKTeX\tex/latex/biblatex/bbx\numeric-comp.bbx
File: numeric-comp.bbx 2025/07/10 v3.21 biblatex bibliography style (PK/MW)
Package biblatex Info: Trying to load bibliography style 'numeric'...
Package biblatex Info: ... file 'numeric.bbx' found.
 (C:\Users\Ernesto\AppData\Local\Programs\MiKTeX\tex/latex/biblatex/bbx\numeric.bbx
File: numeric.bbx 2025/07/10 v3.21 biblatex bibliography style (PK/MW)
Package biblatex Info: Trying to load bibliography style 'standard'...
Package biblatex Info: ... file 'standard.bbx' found.
 (C:\Users\Ernesto\AppData\Local\Programs\MiKTeX\tex/latex/biblatex/bbx\standard.bbx
File: standard.bbx 2025/07/10 v3.21 biblatex bibliography style (PK/MW)
\c@bbx:relatedcount=\count486
\c@bbx:relatedtotal=\count487
))))
Package biblatex Info: Trying to load citation style 'ieee'...
Package biblatex Info: ... file 'ieee.cbx' found.
 (C:\Users\Ernesto\AppData\Local\Programs\MiKTeX\tex/latex/biblatex-ieee\ieee.cbx
File: ieee.cbx 2025-08-01 v1.4f biblatex citation style
Package biblatex Info: Trying to load citation style 'numeric-verb'...
Package biblatex Info: ... file 'numeric-verb.cbx' found.
 (C:\Users\Ernesto\AppData\Local\Programs\MiKTeX\tex/latex/biblatex/cbx\numeric-verb.cbx
File: numeric-verb.cbx 2025/07/10 v3.21 biblatex citation style (PK/MW)
Package biblatex Info: Redefining '\cite'.
Package biblatex Info: Redefining '\parencite'.
Package biblatex Info: Redefining '\footcite'.
Package biblatex Info: Redefining '\footcitetext'.
Package biblatex Info: Redefining '\smartcite'.
Package biblatex Info: Redefining '\textcite'.
Package biblatex Info: Redefining '\supercite'.
Package biblatex Info: Redefining '\parencites'.
Package biblatex Info: Redefining '\smartcites'.
Package biblatex Info: Redefining '\textcites'.
))
Package biblatex Info: Trying to load configuration file...
Package biblatex Info: ... file 'biblatex.cfg' found.
 (C:\Users\Ernesto\AppData\Local\Programs\MiKTeX\tex/latex/biblatex\biblatex.cfg
File: biblatex.cfg 
)
Package biblatex Info: Input encoding 'utf8' detected.
Package biblatex Info: Document encoding is UTF8 ....
 (C:\Users\Ernesto\AppData\Local\Programs\MiKTeX\tex/latex/l3kernel\expl3.sty
Package: expl3 2026-05-26 L3 programming layer (loader) 
 (C:\Users\Ernesto\AppData\Local\Programs\MiKTeX\tex/latex/l3backend\l3backend-pdftex.def
File: l3backend-pdftex.def 2026-02-18 L3 backend support: PDF output (pdfTeX)
\l__color_backend_stack_int=\count488
))
Package biblatex Info: ... and expl3
(biblatex)             2026-05-26 L3 programming layer (loader) 
(biblatex)             is new enough (at least 2020/04/06),
(biblatex)             setting 'casechanger=expl3'.
 (C:\Users\Ernesto\AppData\Local\Programs\MiKTeX\tex/latex/biblatex\blx-case-expl3.sty (C:\Users\Ernesto\AppData\Local\Programs\MiKTeX\tex/latex/l3packages/xparse\xparse.sty
Package: xparse 2025-10-09 L3 Experimental document command parser
)
Package: blx-case-expl3 2025/07/10 v3.21 expl3 case changing code for biblatex
))
Package hyperref Info: Option `colorlinks' set `true' on input line 32.


Package biblatex Warning: 'babel/polyglossia' detected but 'csquotes' missing.
(biblatex)                Loading 'csquotes' recommended.

\@quotelevel=\count489
\@quotereset=\count490
LaTeX Font Info:    Trying to load font information for T1+lmr on input line 35.
(C:\Users\Ernesto\AppData\Local\Programs\MiKTeX\tex/latex/lm\t1lmr.fd
File: t1lmr.fd 2015/05/01 v1.6.1 Font defs for Latin Modern
) (main.aux
LaTeX Info: Redefining \. on input line 13.
LaTeX Info: Redefining \% on input line 13.
Package babel Info: 'spanish' activates 'spanish' shorthands.
(babel)             Reported on input line 13.
)
\openout1 = `main.aux'.

LaTeX Font Info:    Checking defaults for OML/cmm/m/it on input line 35.
LaTeX Font Info:    ... okay on input line 35.
LaTeX Font Info:    Checking defaults for OMS/cmsy/m/n on input line 35.
LaTeX Font Info:    ... okay on input line 35.
LaTeX Font Info:    Checking defaults for OT1/cmr/m/n on input line 35.
LaTeX Font Info:    ... okay on input line 35.
LaTeX Font Info:    Checking defaults for T1/cmr/m/n on input line 35.
LaTeX Font Info:    ... okay on input line 35.
LaTeX Font Info:    Checking defaults for TS1/cmr/m/n on input line 35.
LaTeX Font Info:    ... okay on input line 35.
LaTeX Font Info:    Checking defaults for OMX/cmex/m/n on input line 35.
LaTeX Font Info:    ... okay on input line 35.
LaTeX Font Info:    Checking defaults for U/cmr/m/n on input line 35.
LaTeX Font Info:    ... okay on input line 35.
LaTeX Font Info:    Checking defaults for PD1/pdf/m/n on input line 35.
LaTeX Font Info:    ... okay on input line 35.
LaTeX Font Info:    Checking defaults for PU/pdf/m/n on input line 35.
LaTeX Font Info:    ... okay on input line 35.
LaTeX Info: Redefining \. on input line 35.
LaTeX Info: Redefining \% on input line 35.
 (C:\Users\Ernesto\AppData\Local\Programs\MiKTeX\tex/latex/translations/dicts\translations-basic-dictionary-spanish.trsl
File: translations-basic-dictionary-spanish.trsl (spanish translation file `translations-basic-dictionary')
)
Package translations Info: loading dictionary `translations-basic-dictionary' for `spanish'. on input line 35.
 (C:\Users\Ernesto\AppData\Local\Programs\MiKTeX\tex/context/base/mkii\supp-pdf.mkii
[Loading MPS to PDF converter (version 2006.09.02).]
\scratchcounter=\count491
\scratchdimen=\dimen258
\scratchbox=\box74
\nofMPsegments=\count492
\nofMParguments=\count493
\everyMPshowfont=\toks37
\MPscratchCnt=\count494
\MPscratchDim=\dimen259
\MPnumerator=\count495
\makeMPintoPDFobject=\count496
\everyMPtoPDFconversion=\toks38
) (C:\Users\Ernesto\AppData\Local\Programs\MiKTeX\tex/latex/epstopdf-pkg\epstopdf-base.sty
Package: epstopdf-base 2020-01-24 v2.11 Base part for package epstopdf
Package epstopdf-base Info: Redefining graphics rule for `.eps' on input line 485.
 (C:\Users\Ernesto\AppData\Local\Programs\MiKTeX\tex/latex/00miktex\epstopdf-sys.cfg
File: epstopdf-sys.cfg 2021/03/18 v2.0 Configuration of epstopdf for MiKTeX
))
*geometry* driver: auto-detecting
*geometry* detected driver: pdftex
*geometry* verbose mode - [ preamble ] result:
* driver: pdftex
* paper: a4paper
* layout: <same size as paper>
* layoutoffset:(h,v)=(0.0pt,0.0pt)
* modes: 
* h-part:(L,W,R)=(71.13188pt, 455.24411pt, 71.13188pt)
* v-part:(T,H,B)=(71.13188pt, 702.78308pt, 71.13188pt)
* \paperwidth=597.50787pt
* \paperheight=845.04684pt
* \textwidth=455.24411pt
* \textheight=702.78308pt
* \oddsidemargin=-1.1381pt
* \evensidemargin=-1.1381pt
* \topmargin=-38.1381pt
* \headheight=12.0pt
* \headsep=25.0pt
* \topskip=12.0pt
* \footskip=30.0pt
* \marginparwidth=35.0pt
* \marginparsep=10.0pt
* \columnsep=10.0pt
* \skip\footins=10.8pt plus 4.0pt minus 2.0pt
* \hoffset=0.0pt
* \voffset=0.0pt
* \mag=1000
* \@twocolumnfalse
* \@twosidefalse
* \@mparswitchfalse
* \@reversemarginfalse
* (1in=72.27pt=25.4mm, 1cm=28.453pt)

Package hyperref Info: Link coloring ON on input line 35.
(main.out) (main.out)
\@outlinefile=\write5
\openout5 = `main.out'.

Package caption Info: Begin \AtBeginDocument code.
Package caption Info: End \AtBeginDocument code.
\symgns@font=\mathgroup6
LaTeX Font Info:    Overwriting symbol font `gns@font' in version `bold'
(Font)                  TS1/lmr/m/n --> TS1/lmr/b/n on input line 35.
Package gensymb Info: Math companion symbols declared on input line 35.
LaTeX Info: Redefining \degree on input line 35.
LaTeX Info: Redefining \celsius on input line 35.
Package gensymb Info: Using text companion symbols for \degree, \celsius and \perthousand on input line 35.
LaTeX Info: Redefining \ohm on input line 35.
Package gensymb Info: Using \textohm for \ohm on input line 35.
LaTeX Info: Redefining \micro on input line 35.
Package gensymb Info: Using \textmu for \micro on input line 35.
Package biblatex Info: Trying to load language 'spanish'...
Package biblatex Info: ... file 'spanish.lbx' found.
 (C:\Users\Ernesto\AppData\Local\Programs\MiKTeX\tex/latex/biblatex/lbx\spanish.lbx
File: spanish.lbx 2025/07/10 v3.21 biblatex localization (PK/MW)
)
Package biblatex Info: Input encoding 'utf8' detected.
Package biblatex Info: Automatic encoding selection.
(biblatex)             Assuming data encoding 'utf8'.
\openout4 = `main.bcf'.

Package biblatex Info: Trying to load bibliographic data...
Package biblatex Info: ... file 'main.bbl' found.
 (main.bbl)
Package biblatex Info: Reference section=0 on input line 35.
Package biblatex Info: Reference segment=0 on input line 35.
<Figuras/escudo.png, id=87, 475.02469pt x 600.74437pt>
File: Figuras/escudo.png Graphic file (type png)
<use Figuras/escudo.png>
Package pdftex.def Info: Figuras/escudo.png  used on input line 44.
(pdftex.def)             Requested size: 113.81102pt x 143.92493pt.
<Figuras/download.png, id=89, 225.84375pt x 225.84375pt>
File: Figuras/download.png Graphic file (type png)
<use Figuras/download.png>
Package pdftex.def Info: Figuras/download.png  used on input line 46.
(pdftex.def)             Requested size: 136.57462pt x 136.58246pt.
LaTeX Font Info:    Trying to load font information for OT1+lmr on input line 58.
 (C:\Users\Ernesto\AppData\Local\Programs\MiKTeX\tex/latex/lm\ot1lmr.fd
File: ot1lmr.fd 2015/05/01 v1.6.1 Font defs for Latin Modern
)
LaTeX Font Info:    Trying to load font information for OML+lmm on input line 58.
 (C:\Users\Ernesto\AppData\Local\Programs\MiKTeX\tex/latex/lm\omllmm.fd
File: omllmm.fd 2015/05/01 v1.6.1 Font defs for Latin Modern
)
LaTeX Font Info:    Trying to load font information for OMS+lmsy on input line 58.
 (C:\Users\Ernesto\AppData\Local\Programs\MiKTeX\tex/latex/lm\omslmsy.fd
File: omslmsy.fd 2015/05/01 v1.6.1 Font defs for Latin Modern
)
LaTeX Font Info:    Trying to load font information for OMX+lmex on input line 58.
 (C:\Users\Ernesto\AppData\Local\Programs\MiKTeX\tex/latex/lm\omxlmex.fd
File: omxlmex.fd 2015/05/01 v1.6.1 Font defs for Latin Modern
)
LaTeX Font Info:    External font `lmex10' loaded for size
(Font)              <12> on input line 58.
LaTeX Font Info:    External font `lmex10' loaded for size
(Font)              <8> on input line 58.
LaTeX Font Info:    External font `lmex10' loaded for size
(Font)              <6> on input line 58.
LaTeX Font Info:    Trying to load font information for U+msa on input line 58.
 (C:\Users\Ernesto\AppData\Local\Programs\MiKTeX\tex/latex/amsfonts\umsa.fd
File: umsa.fd 2013/01/14 v3.01 AMS symbols A
)
LaTeX Font Info:    Trying to load font information for U+msb on input line 58.
 (C:\Users\Ernesto\AppData\Local\Programs\MiKTeX\tex/latex/amsfonts\umsb.fd
File: umsb.fd 2013/01/14 v3.01 AMS symbols B
)
LaTeX Font Info:    Trying to load font information for TS1+lmr on input line 58.
 (C:\Users\Ernesto\AppData\Local\Programs\MiKTeX\tex/latex/lm\ts1lmr.fd
File: ts1lmr.fd 2015/05/01 v1.6.1 Font defs for Latin Modern
) [1

{C:/Users/Ernesto/AppData/Local/MiKTeX/fonts/map/pdftex/pdftex.map}{C:/Users/Ernesto/AppData/Local/Programs/MiKTeX/fonts/enc/dvips/lm/lm-ec.enc} <./Figuras/escudo.png> <./Figuras/download.png>] (main.toc
LaTeX Info: Redefining \sptext on input line 1.
LaTeX Info: Redefining \. on input line 1.
LaTeX Info: Redefining \% on input line 1.
)
\tf@toc=\write6
\openout6 = `main.toc'.


pdfTeX warning (ext4): destination with the same identifier (name{page.1}) has been already used, duplicate ignored
<to be read again> 
                   \relax 
l.73 \newpage
              [1]
<Figuras/Figura 1.png, id=126, 556.32843pt x 453.94594pt>
File: Figuras/Figura 1.png Graphic file (type png)
<use Figuras/Figura 1.png>
Package pdftex.def Info: Figuras/Figura 1.png  used on input line 84.
(pdftex.def)             Requested size: 364.19667pt x 297.17398pt.
<Figuras/Figura 2.png, id=130, 862.72313pt x 666.99188pt>
File: Figuras/Figura 2.png Graphic file (type png)
<use Figuras/Figura 2.png>
Package pdftex.def Info: Figuras/Figura 2.png  used on input line 92.
(pdftex.def)             Requested size: 364.19667pt x 281.5697pt.
 [2{C:/Users/Ernesto/AppData/Local/Programs/MiKTeX/fonts/enc/dvips/lm/lm-mathit.enc} <./Figuras/Figura 1.png>]
<Figuras/Figura 3.png, id=142, 974.13937pt x 357.58594pt>
File: Figuras/Figura 3.png Graphic file (type png)
<use Figuras/Figura 3.png>
Package pdftex.def Info: Figuras/Figura 3.png  used on input line 112.
(pdftex.def)             Requested size: 364.19667pt x 133.68517pt.
 [3{C:/Users/Ernesto/AppData/Local/Programs/MiKTeX/fonts/enc/dvips/lm/lm-rm.enc} <./Figuras/Figura 2.png>]
<Figuras/Figura 4.png, id=157, 233.37187pt x 310.91156pt>
File: Figuras/Figura 4.png Graphic file (type png)
<use Figuras/Figura 4.png>
Package pdftex.def Info: Figuras/Figura 4.png  used on input line 129.
(pdftex.def)             Requested size: 227.62206pt x 303.26324pt.
 [4{C:/Users/Ernesto/AppData/Local/Programs/MiKTeX/fonts/enc/dvips/lm/lm-mathsy.enc} <./Figuras/Figura 3.png>] [5 <./Figuras/Figura 4.png>] [6{C:/Users/Ernesto/AppData/Local/Programs/MiKTeX/fonts/enc/dvips/lm/lm-ts1.enc}]
Overfull \hbox (2.905pt too wide) in paragraph at lines 206--207
[]$[]$ \T1/lmr/m/n/12 Es-ta ca-pa-ci-tan-cia de-
 []

[7] [8{C:/Users/Ernesto/AppData/Local/Programs/MiKTeX/fonts/enc/dvips/lm/lm-mathex.enc}] [9] [10]
<Figuras/Figura 5.png, id=278, 394.47375pt x 331.99031pt>
File: Figuras/Figura 5.png Graphic file (type png)
<use Figuras/Figura 5.png>
Package pdftex.def Info: Figuras/Figura 5.png  used on input line 352.
(pdftex.def)             Requested size: 227.62206pt x 191.56668pt.
<Figuras/Figura 6.png, id=286, 862.72313pt x 397.485pt>
File: Figuras/Figura 6.png Graphic file (type png)
<use Figuras/Figura 6.png>
Package pdftex.def Info: Figuras/Figura 6.png  used on input line 366.
(pdftex.def)             Requested size: 409.71692pt x 188.76488pt.
 [11 <./Figuras/Figura 5.png>]
<Figuras/Figura 7.png, id=307, 846.16125pt x 551.81157pt>
File: Figuras/Figura 7.png Graphic file (type png)
<use Figuras/Figura 7.png>
Package pdftex.def Info: Figuras/Figura 7.png  used on input line 381.
(pdftex.def)             Requested size: 341.43307pt x 222.6573pt.
 [12 <./Figuras/Figura 6.png>]
<Figuras/Figura 8.png, id=320, 939.51pt x 554.82281pt>
File: Figuras/Figura 8.png Graphic file (type png)
<use Figuras/Figura 8.png>
Package pdftex.def Info: Figuras/Figura 8.png  used on input line 395.
(pdftex.def)             Requested size: 341.43307pt x 201.63242pt.
 [13 <./Figuras/Figura 7.png> <./Figuras/Figura 8.png>]
<Figuras/Figura 9.png, id=334, 1445.4pt x 680.5425pt>
File: Figuras/Figura 9.png Graphic file (type png)
<use Figuras/Figura 9.png>
Package pdftex.def Info: Figuras/Figura 9.png  used on input line 410.
(pdftex.def)             Requested size: 455.24411pt x 214.34087pt.
 [14 <./Figuras/Figura 9.png>]
<Figuras/Figura 10.png, id=346, 1445.4pt x 678.28406pt>
File: Figuras/Figura 10.png Graphic file (type png)
<use Figuras/Figura 10.png>
Package pdftex.def Info: Figuras/Figura 10.png  used on input line 420.
(pdftex.def)             Requested size: 455.24411pt x 213.62955pt.
<Figuras/Figura 11.png, id=350, 1445.4pt x 679.78969pt>
File: Figuras/Figura 11.png Graphic file (type png)
<use Figuras/Figura 11.png>
Package pdftex.def Info: Figuras/Figura 11.png  used on input line 430.
(pdftex.def)             Requested size: 455.24411pt x 214.10376pt.
 [15 <./Figuras/Figura 10.png>]
<Figuras/Figura 12.png, id=361, 1254.93843pt x 654.19406pt>
File: Figuras/Figura 12.png Graphic file (type png)
<use Figuras/Figura 12.png>
Package pdftex.def Info: Figuras/Figura 12.png  used on input line 452.
(pdftex.def)             Requested size: 455.24411pt x 237.31645pt.
 [16 <./Figuras/Figura 11.png>] [17 <./Figuras/Figura 12.png>]
<Figuras/Figura 13.png, id=380, 1445.4pt x 681.29532pt>
File: Figuras/Figura 13.png Graphic file (type png)
<use Figuras/Figura 13.png>
Package pdftex.def Info: Figuras/Figura 13.png  used on input line 486.
(pdftex.def)             Requested size: 455.24411pt x 214.57797pt.
 [18 <./Figuras/Figura 13.png>]
<Figuras/Figura 14.png, id=393, 1445.4pt x 680.5425pt>
File: Figuras/Figura 14.png Graphic file (type png)
<use Figuras/Figura 14.png>
Package pdftex.def Info: Figuras/Figura 14.png  used on input line 496.
(pdftex.def)             Requested size: 432.48051pt x 203.62434pt.
<Figuras/Figura 15.png, id=396, 1445.4pt x 679.03688pt>
File: Figuras/Figura 15.png Graphic file (type png)
<use Figuras/Figura 15.png>
Package pdftex.def Info: Figuras/Figura 15.png  used on input line 504.
(pdftex.def)             Requested size: 432.48051pt x 203.17384pt.
 [19 <./Figuras/Figura 14.png> <./Figuras/Figura 15.png>] [20]
<Figuras/Figura 16.png, id=421, 724.95844pt x 584.1825pt>
File: Figuras/Figura 16.png Graphic file (type png)
<use Figuras/Figura 16.png>
Package pdftex.def Info: Figuras/Figura 16.png  used on input line 535.
(pdftex.def)             Requested size: 273.14923pt x 220.11081pt.
<Figuras/Figura 17.png, id=423, 1445.4pt x 679.03688pt>
File: Figuras/Figura 17.png Graphic file (type png)
<use Figuras/Figura 17.png>
Package pdftex.def Info: Figuras/Figura 17.png  used on input line 543.
(pdftex.def)             Requested size: 432.48051pt x 203.17384pt.
 [21 <./Figuras/Figura 16.png> <./Figuras/Figura 17.png>]
<Figuras/Figura 18.png, id=437, 1279.02844pt x 539.76656pt>
File: Figuras/Figura 18.png Graphic file (type png)
<use Figuras/Figura 18.png>
Package pdftex.def Info: Figuras/Figura 18.png  used on input line 557.
(pdftex.def)             Requested size: 455.24411pt x 192.11676pt.
<Figuras/Figura 19.png, id=439, 1445.4pt x 678.28406pt>
File: Figuras/Figura 19.png Graphic file (type png)
<use Figuras/Figura 19.png>
Package pdftex.def Info: Figuras/Figura 19.png  used on input line 565.
(pdftex.def)             Requested size: 455.24411pt x 213.62955pt.
 [22 <./Figuras/Figura 18.png>]
Overfull \hbox (2.3646pt too wide) in paragraph at lines 581--582
[]$[]$ \T1/lmr/m/n/12 Es-ta tec-no-lo-gía
 []

[23 <./Figuras/Figura 19.png>]
Overfull \hbox (9.98492pt too wide) in paragraph at lines 584--585
[]$[]$ \T1/lmr/m/n/12 El de-sa-rro-llo del \T1/lmr/m/it/12 Con-
 []


Overfull \hbox (10.62273pt too wide) in paragraph at lines 593--594
[]$[]$ \T1/lmr/m/n/12 A lo lar-
 []

[24]
LaTeX Font Info:    Trying to load font information for T1+lmtt on input line 599.
 (C:\Users\Ernesto\AppData\Local\Programs\MiKTeX\tex/latex/lm\t1lmtt.fd
File: t1lmtt.fd 2015/05/01 v1.6.1 Font defs for Latin Modern
) [25] [26]
\pydata@fh@0=\write7
\openout7 = `_FAD58DE7366495DB4650CFEFAC2FCD61.data.minted'.

runsystem(latexminted config  --timestamp 20260614220034 FAD58DE7366495DB4650CFEFAC2FCD61)...executed.

 (_FAD58DE7366495DB4650CFEFAC2FCD61.config.minted)
runsystem(latexminted cleanconfig  --timestamp 20260614220034 FAD58DE7366495DB4650CFEFAC2FCD61)...executed.

 (_minted/default.style.minted) (_minted/A4A6CF6751E8C8F571B9DF4721063B92.highlight.minted
LaTeX Font Info:    Font shape `T1/lmtt/bx/n' in size <12> not available
(Font)              Font shape `T1/lmtt/b/n' tried instead on input line 10.
 [27] [28] [29] [30] [31] [32] [33] [34]) (_minted/0544DF3E86B24568C775FBDCDC683A0C.highlight.minted [35] [36] [37] [38] [39] [40]) [41] (main.aux
LaTeX Info: Redefining \sptext on input line 13.
LaTeX Info: Redefining \. on input line 13.
LaTeX Info: Redefining \% on input line 13.
)
 ***********
LaTeX2e <2026-06-01>
L3 programming layer <2026-05-26>
 ***********
Package rerunfilecheck Info: File `main.out' has not changed.
(rerunfilecheck)             Checksum: 6C59EDA8FA49389CB87FB2FE830A43A3;4807.
Package logreq Info: Writing requests to 'main.run.xml'.
\openout1 = `main.run.xml'.

 ) 
Here is how much of TeX's memory you used:
 31453 strings out of 467508
 668562 string characters out of 5407787
 1562929 words of memory out of 5000000
 60202 multiletter control sequences out of 15000+600000
 673839 words of font info for 73 fonts, out of 8000000 for 9000
 1141 hyphenation exceptions out of 8191
 75i,8n,81p,1677b,2107s stack positions out of 10000i,1000n,20000p,200000b,200000s
<C:/Users/Ernesto/AppData/Local/Programs/MiKTeX/fonts/type1/public/lm/lmbx12.pfb><C:/Users/Ernesto/AppData/Local/Programs/MiKTeX/fonts/type1/public/lm/lmcsc10.pfb><C:/Users/Ernesto/AppData/Local/Programs/MiKTeX/fonts/type1/public/lm/lmex10.pfb><C:/Users/Ernesto/AppData/Local/Programs/MiKTeX/fonts/type1/public/lm/lmmi12.pfb><C:/Users/Ernesto/AppData/Local/Programs/MiKTeX/fonts/type1/public/lm/lmmi6.pfb><C:/Users/Ernesto/AppData/Local/Programs/MiKTeX/fonts/type1/public/lm/lmmi8.pfb><C:/Users/Ernesto/AppData/Local/Programs/MiKTeX/fonts/type1/public/lm/lmr12.pfb><C:/Users/Ernesto/AppData/Local/Programs/MiKTeX/fonts/type1/public/lm/lmr17.pfb><C:/Users/Ernesto/AppData/Local/Programs/MiKTeX/fonts/type1/public/lm/lmr6.pfb><C:/Users/Ernesto/AppData/Local/Programs/MiKTeX/fonts/type1/public/lm/lmr8.pfb><C:/Users/Ernesto/AppData/Local/Programs/MiKTeX/fonts/type1/public/lm/lmri12.pfb><C:/Users/Ernesto/AppData/Local/Programs/MiKTeX/fonts/type1/public/lm/lmsy10.pfb><C:/Users/Ernesto/AppData/Local/Programs/MiKTeX/fonts/type1/public/lm/lmsy8.pfb><C:/Users/Ernesto/AppData/Local/Programs/MiKTeX/fonts/type1/public/lm/lmtk10.pfb><C:/Users/Ernesto/AppData/Local/Programs/MiKTeX/fonts/type1/public/lm/lmtt12.pfb>
Output written on main.pdf (42 pages, 2200196 bytes).
PDF statistics:
 680 PDF objects out of 1000 (max. 8388607)
 131 named destinations out of 1000 (max. 500000)
 274 words of extra memory for PDF output out of 10000 (max. 10000000)

